{"timestamp": "2025-08-02T19:00:38.082573", "level": "INFO", "logger": "sync.cleanup", "message": "Temp file cleanup completed: 1 files", "operation": "cleanup", "event_type": "info"}
{"timestamp": "2025-08-02T19:00:38.086770", "level": "INFO", "logger": "sync.cleanup", "message": "Old backup cleanup completed: 0 files", "operation": "cleanup", "event_type": "info"}
{"timestamp": "2025-08-02T19:00:38.089680", "level": "INFO", "logger": "sync.cleanup", "message": "Log cleanup completed: 0 files", "operation": "cleanup", "event_type": "info"}
{"timestamp": "2025-08-02T19:00:38.092603", "level": "INFO", "logger": "sync.cleanup", "message": "Restore directory cleanup completed: 1 items", "operation": "cleanup", "event_type": "info"}
{"timestamp": "2025-08-02T19:00:38.096401", "level": "INFO", "logger": "sync.cleanup", "message": "Temp file cleanup completed: 0 files", "operation": "cleanup", "event_type": "info"}
{"timestamp": "2025-08-02T19:00:38.096597", "level": "INFO", "logger": "sync.cleanup", "message": "Old backup cleanup completed: 0 files", "operation": "cleanup", "event_type": "info"}
{"timestamp": "2025-08-02T19:00:38.096690", "level": "INFO", "logger": "sync.cleanup", "message": "Log cleanup completed: 0 files", "operation": "cleanup", "event_type": "info"}
{"timestamp": "2025-08-02T19:00:38.460585", "level": "INFO", "logger": "sync.cleanup", "message": "S3 cleanup completed: 0 objects", "operation": "cleanup", "event_type": "info"}
{"timestamp": "2025-08-02T19:00:38.478957", "level": "INFO", "logger": "sync.cleanup", "message": "Restore directory cleanup completed: 0 items", "operation": "cleanup", "event_type": "info"}
{"timestamp": "2025-08-02T19:04:27.483247", "level": "INFO", "logger": "sync.cleanup", "message": "Temp file cleanup completed: 1 files", "operation": "cleanup", "event_type": "info"}
{"timestamp": "2025-08-02T19:04:27.486155", "level": "INFO", "logger": "sync.cleanup", "message": "Old backup cleanup completed: 0 files", "operation": "cleanup", "event_type": "info"}
{"timestamp": "2025-08-02T19:04:27.488932", "level": "INFO", "logger": "sync.cleanup", "message": "Log cleanup completed: 0 files", "operation": "cleanup", "event_type": "info"}
{"timestamp": "2025-08-02T19:04:27.492073", "level": "INFO", "logger": "sync.cleanup", "message": "Restore directory cleanup completed: 1 items", "operation": "cleanup", "event_type": "info"}
{"timestamp": "2025-08-02T19:04:27.495560", "level": "INFO", "logger": "sync.cleanup", "message": "Temp file cleanup completed: 0 files", "operation": "cleanup", "event_type": "info"}
{"timestamp": "2025-08-02T19:04:27.495715", "level": "INFO", "logger": "sync.cleanup", "message": "Old backup cleanup completed: 0 files", "operation": "cleanup", "event_type": "info"}
{"timestamp": "2025-08-02T19:04:27.495803", "level": "INFO", "logger": "sync.cleanup", "message": "Log cleanup completed: 0 files", "operation": "cleanup", "event_type": "info"}
{"timestamp": "2025-08-02T19:04:27.852005", "level": "INFO", "logger": "sync.cleanup", "message": "S3 cleanup completed: 0 objects", "operation": "cleanup", "event_type": "info"}
{"timestamp": "2025-08-02T19:04:27.860239", "level": "INFO", "logger": "sync.cleanup", "message": "Restore directory cleanup completed: 0 items", "operation": "cleanup", "event_type": "info"}
{"timestamp": "2025-08-02T19:04:41.963389", "level": "INFO", "logger": "sync.cleanup", "message": "Temp file cleanup completed: 1 files", "operation": "cleanup", "event_type": "info"}
{"timestamp": "2025-08-02T19:04:41.967534", "level": "INFO", "logger": "sync.cleanup", "message": "Old backup cleanup completed: 0 files", "operation": "cleanup", "event_type": "info"}
{"timestamp": "2025-08-02T19:04:41.970816", "level": "INFO", "logger": "sync.cleanup", "message": "Log cleanup completed: 0 files", "operation": "cleanup", "event_type": "info"}
{"timestamp": "2025-08-02T19:04:41.974736", "level": "INFO", "logger": "sync.cleanup", "message": "Restore directory cleanup completed: 1 items", "operation": "cleanup", "event_type": "info"}
{"timestamp": "2025-08-02T19:04:41.980234", "level": "INFO", "logger": "sync.cleanup", "message": "Temp file cleanup completed: 0 files", "operation": "cleanup", "event_type": "info"}
{"timestamp": "2025-08-02T19:04:41.980433", "level": "INFO", "logger": "sync.cleanup", "message": "Old backup cleanup completed: 0 files", "operation": "cleanup", "event_type": "info"}
{"timestamp": "2025-08-02T19:04:41.980543", "level": "INFO", "logger": "sync.cleanup", "message": "Log cleanup completed: 0 files", "operation": "cleanup", "event_type": "info"}
{"timestamp": "2025-08-02T19:04:42.366939", "level": "INFO", "logger": "sync.cleanup", "message": "S3 cleanup completed: 0 objects", "operation": "cleanup", "event_type": "info"}
{"timestamp": "2025-08-02T19:04:42.385266", "level": "INFO", "logger": "sync.cleanup", "message": "Restore directory cleanup completed: 0 items", "operation": "cleanup", "event_type": "info"}
{"timestamp": "2025-08-02T19:34:55.931680", "level": "INFO", "logger": "sync.cleanup", "message": "Temp file cleanup completed: 1 files", "operation": "cleanup", "event_type": "info"}
{"timestamp": "2025-08-02T19:34:55.935098", "level": "INFO", "logger": "sync.cleanup", "message": "Old backup cleanup completed: 0 files", "operation": "cleanup", "event_type": "info"}
{"timestamp": "2025-08-02T19:34:55.937811", "level": "INFO", "logger": "sync.cleanup", "message": "Log cleanup completed: 0 files", "operation": "cleanup", "event_type": "info"}
{"timestamp": "2025-08-02T19:34:55.940655", "level": "INFO", "logger": "sync.cleanup", "message": "Restore directory cleanup completed: 1 items", "operation": "cleanup", "event_type": "info"}
{"timestamp": "2025-08-02T19:34:55.944079", "level": "INFO", "logger": "sync.cleanup", "message": "Temp file cleanup completed: 0 files", "operation": "cleanup", "event_type": "info"}
{"timestamp": "2025-08-02T19:34:55.944240", "level": "INFO", "logger": "sync.cleanup", "message": "Old backup cleanup completed: 0 files", "operation": "cleanup", "event_type": "info"}
{"timestamp": "2025-08-02T19:34:55.944327", "level": "INFO", "logger": "sync.cleanup", "message": "Log cleanup completed: 0 files", "operation": "cleanup", "event_type": "info"}
{"timestamp": "2025-08-02T19:34:56.303953", "level": "INFO", "logger": "sync.cleanup", "message": "S3 cleanup completed: 0 objects", "operation": "cleanup", "event_type": "info"}
{"timestamp": "2025-08-02T19:34:56.314739", "level": "INFO", "logger": "sync.cleanup", "message": "Restore directory cleanup completed: 0 items", "operation": "cleanup", "event_type": "info"}
