{"timestamp": "2025-08-02T19:00:36.309092", "level": "WARNING", "logger": "sync.setup", "message": "directories validation failed: ['Directory missing: data', 'Directory missing: logs', 'Directory missing: backups', 'Directory missing: config/backups', 'Directory missing: templates', 'Directory missing: tests']", "operation": "setup", "event_type": "warning"}
{"timestamp": "2025-08-02T19:00:36.309291", "level": "INFO", "logger": "sync.setup", "message": "config_files validation passed", "operation": "setup", "event_type": "info"}
{"timestamp": "2025-08-02T19:00:36.309354", "level": "INFO", "logger": "sync.setup", "message": "aws_credentials validation passed", "operation": "setup", "event_type": "info"}
{"timestamp": "2025-08-02T19:00:36.334868", "level": "INFO", "logger": "sync.setup", "message": "Creating environment configuration for dev", "operation": "setup", "event_type": "info"}
{"timestamp": "2025-08-02T19:00:36.335183", "level": "INFO", "logger": "sync.setup", "message": "Created environment directory: data/dev", "operation": "setup", "event_type": "info"}
{"timestamp": "2025-08-02T19:00:36.335355", "level": "INFO", "logger": "sync.setup", "message": "Created environment directory: logs/dev", "operation": "setup", "event_type": "info"}
{"timestamp": "2025-08-02T19:00:36.335514", "level": "INFO", "logger": "sync.setup", "message": "Created environment directory: backups/dev", "operation": "setup", "event_type": "info"}
{"timestamp": "2025-08-02T19:00:36.335560", "level": "INFO", "logger": "sync.setup", "message": "Environment dev created successfully", "operation": "setup", "event_type": "info"}
{"timestamp": "2025-08-02T19:04:26.083093", "level": "WARNING", "logger": "sync.setup", "message": "directories validation failed: ['Directory missing: data', 'Directory missing: logs', 'Directory missing: backups', 'Directory missing: config/backups', 'Directory missing: templates', 'Directory missing: tests']", "operation": "setup", "event_type": "warning"}
{"timestamp": "2025-08-02T19:04:26.083386", "level": "INFO", "logger": "sync.setup", "message": "config_files validation passed", "operation": "setup", "event_type": "info"}
{"timestamp": "2025-08-02T19:04:26.083459", "level": "INFO", "logger": "sync.setup", "message": "aws_credentials validation passed", "operation": "setup", "event_type": "info"}
{"timestamp": "2025-08-02T19:04:26.083518", "level": "INFO", "logger": "sync.setup", "message": "s3_access validation passed", "operation": "setup", "event_type": "info"}
{"timestamp": "2025-08-02T19:04:26.083574", "level": "WARNING", "logger": "sync.setup", "message": "permissions validation failed: ['Config directory not writable', 'Logs directory not writable']", "operation": "setup", "event_type": "warning"}
{"timestamp": "2025-08-02T19:04:26.087798", "level": "INFO", "logger": "sync.setup", "message": "Creating environment configuration for dev", "operation": "setup", "event_type": "info"}
{"timestamp": "2025-08-02T19:04:26.088189", "level": "INFO", "logger": "sync.setup", "message": "Created environment directory: data/dev", "operation": "setup", "event_type": "info"}
{"timestamp": "2025-08-02T19:04:26.088392", "level": "INFO", "logger": "sync.setup", "message": "Created environment directory: logs/dev", "operation": "setup", "event_type": "info"}
{"timestamp": "2025-08-02T19:04:26.088577", "level": "INFO", "logger": "sync.setup", "message": "Created environment directory: backups/dev", "operation": "setup", "event_type": "info"}
{"timestamp": "2025-08-02T19:04:26.088631", "level": "INFO", "logger": "sync.setup", "message": "Environment dev created successfully", "operation": "setup", "event_type": "info"}
{"timestamp": "2025-08-02T19:04:40.571713", "level": "WARNING", "logger": "sync.setup", "message": "directories validation failed: ['Directory missing: data', 'Directory missing: logs', 'Directory missing: backups', 'Directory missing: config/backups', 'Directory missing: templates', 'Directory missing: tests']", "operation": "setup", "event_type": "warning"}
{"timestamp": "2025-08-02T19:04:40.572040", "level": "INFO", "logger": "sync.setup", "message": "config_files validation passed", "operation": "setup", "event_type": "info"}
{"timestamp": "2025-08-02T19:04:40.572111", "level": "INFO", "logger": "sync.setup", "message": "aws_credentials validation passed", "operation": "setup", "event_type": "info"}
{"timestamp": "2025-08-02T19:04:40.572166", "level": "INFO", "logger": "sync.setup", "message": "s3_access validation passed", "operation": "setup", "event_type": "info"}
{"timestamp": "2025-08-02T19:04:40.572221", "level": "WARNING", "logger": "sync.setup", "message": "permissions validation failed: ['Config directory not writable', 'Logs directory not writable']", "operation": "setup", "event_type": "warning"}
{"timestamp": "2025-08-02T19:04:40.576765", "level": "INFO", "logger": "sync.setup", "message": "Creating environment configuration for dev", "operation": "setup", "event_type": "info"}
{"timestamp": "2025-08-02T19:04:40.577172", "level": "INFO", "logger": "sync.setup", "message": "Created environment directory: data/dev", "operation": "setup", "event_type": "info"}
{"timestamp": "2025-08-02T19:04:40.577382", "level": "INFO", "logger": "sync.setup", "message": "Created environment directory: logs/dev", "operation": "setup", "event_type": "info"}
{"timestamp": "2025-08-02T19:04:40.577575", "level": "INFO", "logger": "sync.setup", "message": "Created environment directory: backups/dev", "operation": "setup", "event_type": "info"}
{"timestamp": "2025-08-02T19:04:40.577628", "level": "INFO", "logger": "sync.setup", "message": "Environment dev created successfully", "operation": "setup", "event_type": "info"}
{"timestamp": "2025-08-02T19:34:54.254618", "level": "WARNING", "logger": "sync.setup", "message": "directories validation failed: ['Directory missing: data', 'Directory missing: logs', 'Directory missing: backups', 'Directory missing: config/backups', 'Directory missing: templates', 'Directory missing: tests']", "operation": "setup", "event_type": "warning"}
{"timestamp": "2025-08-02T19:34:54.254908", "level": "INFO", "logger": "sync.setup", "message": "config_files validation passed", "operation": "setup", "event_type": "info"}
{"timestamp": "2025-08-02T19:34:54.254979", "level": "INFO", "logger": "sync.setup", "message": "aws_credentials validation passed", "operation": "setup", "event_type": "info"}
{"timestamp": "2025-08-02T19:34:54.255037", "level": "INFO", "logger": "sync.setup", "message": "s3_access validation passed", "operation": "setup", "event_type": "info"}
{"timestamp": "2025-08-02T19:34:54.255091", "level": "WARNING", "logger": "sync.setup", "message": "permissions validation failed: ['Config directory not writable', 'Logs directory not writable']", "operation": "setup", "event_type": "warning"}
{"timestamp": "2025-08-02T19:34:54.258563", "level": "INFO", "logger": "sync.setup", "message": "Creating environment configuration for dev", "operation": "setup", "event_type": "info"}
{"timestamp": "2025-08-02T19:34:54.259078", "level": "INFO", "logger": "sync.setup", "message": "Created environment directory: data/dev", "operation": "setup", "event_type": "info"}
{"timestamp": "2025-08-02T19:34:54.259276", "level": "INFO", "logger": "sync.setup", "message": "Created environment directory: logs/dev", "operation": "setup", "event_type": "info"}
{"timestamp": "2025-08-02T19:34:54.259470", "level": "INFO", "logger": "sync.setup", "message": "Created environment directory: backups/dev", "operation": "setup", "event_type": "info"}
{"timestamp": "2025-08-02T19:34:54.259524", "level": "INFO", "logger": "sync.setup", "message": "Environment dev created successfully", "operation": "setup", "event_type": "info"}
